0 info it worked if it ends with ok
1 verbose cli [ 'node',
1 verbose cli   '/usr/local/bin/npm',
1 verbose cli   'install',
1 verbose cli   'react-router@',
1 verbose cli   '--save' ]
2 info using npm@1.4.28
3 info using node@v0.10.36
4 warn package.json jsxhint-loader@0.2.0 No repository field.
5 verbose readDependencies using package.json deps
6 verbose cache add [ 'react-router@', null ]
7 verbose cache add name=undefined spec="react-router@" args=["react-router@",null]
8 verbose parsed url { protocol: null,
8 verbose parsed url   slashes: null,
8 verbose parsed url   auth: null,
8 verbose parsed url   host: null,
8 verbose parsed url   port: null,
8 verbose parsed url   hostname: null,
8 verbose parsed url   hash: null,
8 verbose parsed url   search: null,
8 verbose parsed url   query: null,
8 verbose parsed url   pathname: 'react-router@',
8 verbose parsed url   path: 'react-router@',
8 verbose parsed url   href: 'react-router@' }
9 verbose cache add name="react-router" spec="" args=["react-router",""]
10 verbose parsed url { protocol: null,
10 verbose parsed url   slashes: null,
10 verbose parsed url   auth: null,
10 verbose parsed url   host: null,
10 verbose parsed url   port: null,
10 verbose parsed url   hostname: null,
10 verbose parsed url   hash: null,
10 verbose parsed url   search: null,
10 verbose parsed url   query: null,
10 verbose parsed url   pathname: null,
10 verbose parsed url   path: null,
10 verbose parsed url   href: '' }
11 verbose addNamed [ 'react-router', '' ]
12 verbose addNamed [ null, '*' ]
13 silly lockFile 683905ff-react-router react-router@
14 verbose lock react-router@ /Users/christophediprima/.npm/683905ff-react-router.lock
15 silly addNameRange { name: 'react-router', range: '*', hasData: false }
16 verbose request where is /react-router
17 verbose request registry https://registry.npmjs.org/
18 verbose request id 0b51f0b597db84ce
19 verbose url raw /react-router
20 verbose url resolving [ 'https://registry.npmjs.org/', './react-router' ]
21 verbose url resolved https://registry.npmjs.org/react-router
22 verbose request where is https://registry.npmjs.org/react-router
23 info trying registry request attempt 1 at 21:11:36
24 verbose etag "89REJ5DNWZ04U5N9K2T1P0SUP"
25 http GET https://registry.npmjs.org/react-router
26 http 304 https://registry.npmjs.org/react-router
27 silly registry.get cb [ 304,
27 silly registry.get   { date: 'Mon, 22 Jun 2015 19:11:36 GMT',
27 silly registry.get     via: '1.1 varnish',
27 silly registry.get     'cache-control': 'max-age=60',
27 silly registry.get     etag: '"89REJ5DNWZ04U5N9K2T1P0SUP"',
27 silly registry.get     age: '13',
27 silly registry.get     connection: 'keep-alive',
27 silly registry.get     'x-served-by': 'cache-lhr6322-LHR',
27 silly registry.get     'x-cache': 'HIT',
27 silly registry.get     'x-cache-hits': '1',
27 silly registry.get     'x-timer': 'S1435000296.317050,VS0,VE1',
27 silly registry.get     vary: 'Accept' } ]
28 verbose etag https://registry.npmjs.org/react-router from cache
29 silly addNameRange number 2 { name: 'react-router', range: '*', hasData: true }
30 silly addNameRange versions [ 'react-router',
30 silly addNameRange   [ '0.0.0',
30 silly addNameRange     '0.0.1',
30 silly addNameRange     '0.4.0',
30 silly addNameRange     '0.4.1',
30 silly addNameRange     '0.4.2',
30 silly addNameRange     '0.5.0',
30 silly addNameRange     '0.5.1',
30 silly addNameRange     '0.5.2',
30 silly addNameRange     '0.5.3',
30 silly addNameRange     '0.6.0',
30 silly addNameRange     '0.6.1',
30 silly addNameRange     '0.7.0',
30 silly addNameRange     '0.8.0',
30 silly addNameRange     '0.9.0',
30 silly addNameRange     '0.9.1',
30 silly addNameRange     '0.9.2',
30 silly addNameRange     '0.9.3',
30 silly addNameRange     '0.9.4',
30 silly addNameRange     '0.9.5',
30 silly addNameRange     '0.10.0',
30 silly addNameRange     '0.10.1',
30 silly addNameRange     '0.10.2',
30 silly addNameRange     '0.11.0',
30 silly addNameRange     '0.11.1',
30 silly addNameRange     '0.11.2',
30 silly addNameRange     '0.11.3',
30 silly addNameRange     '0.11.4',
30 silly addNameRange     '0.11.5',
30 silly addNameRange     '0.11.6',
30 silly addNameRange     '0.12.0',
30 silly addNameRange     '0.12.1',
30 silly addNameRange     '0.12.2',
30 silly addNameRange     '0.12.3',
30 silly addNameRange     '0.12.4',
30 silly addNameRange     '0.13.0',
30 silly addNameRange     '0.13.1',
30 silly addNameRange     '0.13.2',
30 silly addNameRange     '0.13.3',
30 silly addNameRange     '1.0.0-alpha1',
30 silly addNameRange     '1.0.0-alpha2',
30 silly addNameRange     '1.0.0-beta1',
30 silly addNameRange     '1.0.0-beta2' ] ]
31 verbose addNamed [ 'react-router', '0.13.3' ]
32 verbose addNamed [ '0.13.3', '0.13.3' ]
33 silly lockFile 99c70d1b-react-router-0-13-3 react-router@0.13.3
34 verbose lock react-router@0.13.3 /Users/christophediprima/.npm/99c70d1b-react-router-0-13-3.lock
35 silly lockFile 99c70d1b-react-router-0-13-3 react-router@0.13.3
36 silly lockFile 99c70d1b-react-router-0-13-3 react-router@0.13.3
37 silly lockFile 683905ff-react-router react-router@
38 silly lockFile 683905ff-react-router react-router@
39 silly resolved [ { name: 'react-router',
39 silly resolved     version: '0.13.3',
39 silly resolved     description: 'A complete routing library for React.js',
39 silly resolved     main: 'lib',
39 silly resolved     repository:
39 silly resolved      { type: 'git',
39 silly resolved        url: 'https://github.com/rackt/react-router.git' },
39 silly resolved     homepage: 'https://github.com/rackt/react-router/blob/latest/README.md',
39 silly resolved     bugs: { url: 'https://github.com/rackt/react-router/issues' },
39 silly resolved     authors: [ 'Ryan Florence', 'Michael Jackson' ],
39 silly resolved     license: 'MIT',
39 silly resolved     peerDependencies: { react: '0.13.x' },
39 silly resolved     dependencies: { 'object-assign': '^2.0.0', qs: '2.4.1' },
39 silly resolved     tags: [ 'react', 'router' ],
39 silly resolved     keywords:
39 silly resolved      [ 'react',
39 silly resolved        'react-component',
39 silly resolved        'routing',
39 silly resolved        'route',
39 silly resolved        'routes',
39 silly resolved        'router' ],
39 silly resolved     _id: 'react-router@0.13.3',
39 silly resolved     scripts: {},
39 silly resolved     _shasum: '95455dd19d2c04c7b2957ff7fccda76031ac29b1',
39 silly resolved     _from: 'react-router@',
39 silly resolved     _resolved: 'https://registry.npmjs.org/react-router/-/react-router-0.13.3.tgz',
39 silly resolved     _npmVersion: '2.5.1',
39 silly resolved     _nodeVersion: '0.12.0',
39 silly resolved     _npmUser: { name: 'ryanflorence', email: 'rpflorence@gmail.com' },
39 silly resolved     maintainers: [ [Object], [Object] ],
39 silly resolved     dist:
39 silly resolved      { shasum: '95455dd19d2c04c7b2957ff7fccda76031ac29b1',
39 silly resolved        tarball: 'http://registry.npmjs.org/react-router/-/react-router-0.13.3.tgz' },
39 silly resolved     directories: {},
39 silly resolved     readme: 'ERROR: No README data found!' } ]
40 info install react-router@0.13.3 into /Users/christophediprima/Projects/react-webpack-tests
41 info installOne react-router@0.13.3
42 verbose node_modules/react-router unbuild
43 info preuninstall react-router@0.13.3
44 info uninstall react-router@0.13.3
45 verbose true,/Users/christophediprima/Projects/react-webpack-tests/node_modules,/Users/christophediprima/Projects/react-webpack-tests/node_modules unbuild react-router@0.13.3
46 info postuninstall react-router@0.13.3
47 verbose tar unpack /Users/christophediprima/.npm/react-router/0.13.3/package.tgz
48 silly lockFile 40700ebb--tests-node-modules-react-router tar:///Users/christophediprima/Projects/react-webpack-tests/node_modules/react-router
49 verbose lock tar:///Users/christophediprima/Projects/react-webpack-tests/node_modules/react-router /Users/christophediprima/.npm/40700ebb--tests-node-modules-react-router.lock
50 silly lockFile ef73fcbf--react-router-0-13-3-package-tgz tar:///Users/christophediprima/.npm/react-router/0.13.3/package.tgz
51 verbose lock tar:///Users/christophediprima/.npm/react-router/0.13.3/package.tgz /Users/christophediprima/.npm/ef73fcbf--react-router-0-13-3-package-tgz.lock
52 silly gunzTarPerm modes [ '755', '644' ]
53 silly gunzTarPerm extractEntry package.json
54 silly gunzTarPerm extractEntry README.md
55 silly gunzTarPerm extractEntry lib/Cancellation.js
56 silly gunzTarPerm extractEntry lib/Redirect.js
57 silly gunzTarPerm extractEntry lib/Route.js
58 silly gunzTarPerm extractEntry lib/ScrollHistory.js
59 silly gunzTarPerm extractEntry lib/PropTypes.js
60 silly gunzTarPerm extractEntry lib/TestUtils.js
61 silly gunzTarPerm extractEntry lib/History.js
62 silly gunzTarPerm extractEntry lib/runRouter.js
63 silly gunzTarPerm extractEntry lib/isReactChildren.js
64 silly gunzTarPerm extractEntry lib/index.js
65 silly gunzTarPerm extractEntry lib/PathUtils.js
66 silly gunzTarPerm extractEntry lib/createRouter.js
67 silly gunzTarPerm extractEntry lib/Navigation.js
68 silly gunzTarPerm extractEntry lib/createRoutesFromReactChildren.js
69 silly gunzTarPerm extractEntry lib/Match.js
70 silly gunzTarPerm extractEntry lib/getWindowScrollPosition.js
71 silly gunzTarPerm extractEntry lib/State.js
72 silly gunzTarPerm extractEntry lib/supportsHistory.js
73 silly gunzTarPerm extractEntry lib/Transition.js
74 silly gunzTarPerm extractEntry lib/components/ActiveHandler.js
75 silly gunzTarPerm extractEntry lib/components/ContextWrapper.js
76 silly gunzTarPerm extractEntry lib/components/DefaultRoute.js
77 silly gunzTarPerm extractEntry lib/components/Link.js
78 silly gunzTarPerm extractEntry lib/components/NotFoundRoute.js
79 silly gunzTarPerm extractEntry lib/components/Redirect.js
80 silly gunzTarPerm extractEntry lib/components/Route.js
81 silly gunzTarPerm extractEntry lib/components/RouteHandler.js
82 silly gunzTarPerm extractEntry lib/behaviors/ImitateBrowserBehavior.js
83 silly gunzTarPerm extractEntry lib/behaviors/ScrollToTopBehavior.js
84 silly gunzTarPerm extractEntry lib/locations/HashLocation.js
85 silly gunzTarPerm extractEntry lib/locations/HistoryLocation.js
86 silly gunzTarPerm extractEntry lib/locations/RefreshLocation.js
87 silly gunzTarPerm extractEntry lib/locations/StaticLocation.js
88 silly gunzTarPerm extractEntry lib/locations/TestLocation.js
89 silly gunzTarPerm extractEntry lib/actions/LocationActions.js
90 silly gunzTarPerm extractEntry umd/ReactRouter.js
91 silly gunzTarPerm extractEntry umd/ReactRouter.min.js
92 silly lockFile 40700ebb--tests-node-modules-react-router tar:///Users/christophediprima/Projects/react-webpack-tests/node_modules/react-router
93 silly lockFile 40700ebb--tests-node-modules-react-router tar:///Users/christophediprima/Projects/react-webpack-tests/node_modules/react-router
94 silly lockFile ef73fcbf--react-router-0-13-3-package-tgz tar:///Users/christophediprima/.npm/react-router/0.13.3/package.tgz
95 silly lockFile ef73fcbf--react-router-0-13-3-package-tgz tar:///Users/christophediprima/.npm/react-router/0.13.3/package.tgz
96 info preinstall react-router@0.13.3
97 verbose readDependencies using package.json deps
98 verbose readDependencies using package.json deps
99 verbose cache add [ 'object-assign@^2.0.0', null ]
100 verbose cache add name=undefined spec="object-assign@^2.0.0" args=["object-assign@^2.0.0",null]
101 verbose parsed url { protocol: null,
101 verbose parsed url   slashes: null,
101 verbose parsed url   auth: null,
101 verbose parsed url   host: null,
101 verbose parsed url   port: null,
101 verbose parsed url   hostname: null,
101 verbose parsed url   hash: null,
101 verbose parsed url   search: null,
101 verbose parsed url   query: null,
101 verbose parsed url   pathname: 'object-assign@^2.0.0',
101 verbose parsed url   path: 'object-assign@^2.0.0',
101 verbose parsed url   href: 'object-assign@^2.0.0' }
102 verbose cache add [ 'qs@2.4.1', null ]
103 verbose cache add name=undefined spec="qs@2.4.1" args=["qs@2.4.1",null]
104 verbose parsed url { protocol: null,
104 verbose parsed url   slashes: null,
104 verbose parsed url   auth: null,
104 verbose parsed url   host: null,
104 verbose parsed url   port: null,
104 verbose parsed url   hostname: null,
104 verbose parsed url   hash: null,
104 verbose parsed url   search: null,
104 verbose parsed url   query: null,
104 verbose parsed url   pathname: 'qs@2.4.1',
104 verbose parsed url   path: 'qs@2.4.1',
104 verbose parsed url   href: 'qs@2.4.1' }
105 verbose cache add name="object-assign" spec="^2.0.0" args=["object-assign","^2.0.0"]
106 verbose parsed url { protocol: null,
106 verbose parsed url   slashes: null,
106 verbose parsed url   auth: null,
106 verbose parsed url   host: null,
106 verbose parsed url   port: null,
106 verbose parsed url   hostname: null,
106 verbose parsed url   hash: null,
106 verbose parsed url   search: null,
106 verbose parsed url   query: null,
106 verbose parsed url   pathname: '^2.0.0',
106 verbose parsed url   path: '^2.0.0',
106 verbose parsed url   href: '^2.0.0' }
107 verbose addNamed [ 'object-assign', '^2.0.0' ]
108 verbose addNamed [ null, '>=2.0.0-0 <3.0.0-0' ]
109 silly lockFile 5a30528b-object-assign-2-0-0 object-assign@^2.0.0
110 verbose lock object-assign@^2.0.0 /Users/christophediprima/.npm/5a30528b-object-assign-2-0-0.lock
111 verbose cache add name="qs" spec="2.4.1" args=["qs","2.4.1"]
112 verbose parsed url { protocol: null,
112 verbose parsed url   slashes: null,
112 verbose parsed url   auth: null,
112 verbose parsed url   host: null,
112 verbose parsed url   port: null,
112 verbose parsed url   hostname: null,
112 verbose parsed url   hash: null,
112 verbose parsed url   search: null,
112 verbose parsed url   query: null,
112 verbose parsed url   pathname: '2.4.1',
112 verbose parsed url   path: '2.4.1',
112 verbose parsed url   href: '2.4.1' }
113 verbose addNamed [ 'qs', '2.4.1' ]
114 verbose addNamed [ '2.4.1', '2.4.1' ]
115 silly lockFile 7522a7fe-qs-2-4-1 qs@2.4.1
116 verbose lock qs@2.4.1 /Users/christophediprima/.npm/7522a7fe-qs-2-4-1.lock
117 silly addNameRange { name: 'object-assign',
117 silly addNameRange   range: '>=2.0.0-0 <3.0.0-0',
117 silly addNameRange   hasData: false }
118 verbose request where is /object-assign
119 verbose request registry https://registry.npmjs.org/
120 verbose url raw /object-assign
121 verbose url resolving [ 'https://registry.npmjs.org/', './object-assign' ]
122 verbose url resolved https://registry.npmjs.org/object-assign
123 verbose request where is https://registry.npmjs.org/object-assign
124 info trying registry request attempt 1 at 21:11:36
125 verbose etag "CSRRDZ386DZ1GLWDYH1UBX5O0"
126 http GET https://registry.npmjs.org/object-assign
127 verbose request where is /qs
128 verbose request registry https://registry.npmjs.org/
129 verbose url raw /qs
130 verbose url resolving [ 'https://registry.npmjs.org/', './qs' ]
131 verbose url resolved https://registry.npmjs.org/qs
132 verbose request where is https://registry.npmjs.org/qs
133 info trying registry request attempt 1 at 21:11:36
134 verbose etag "32DQMMPM7UN40DZIXD548OIVJ"
135 http GET https://registry.npmjs.org/qs
136 http 304 https://registry.npmjs.org/object-assign
137 silly registry.get cb [ 304,
137 silly registry.get   { date: 'Mon, 22 Jun 2015 19:11:36 GMT',
137 silly registry.get     via: '1.1 varnish',
137 silly registry.get     'cache-control': 'max-age=60',
137 silly registry.get     etag: '"CSRRDZ386DZ1GLWDYH1UBX5O0"',
137 silly registry.get     age: '35',
137 silly registry.get     connection: 'keep-alive',
137 silly registry.get     'x-served-by': 'cache-lhr6324-LHR',
137 silly registry.get     'x-cache': 'HIT',
137 silly registry.get     'x-cache-hits': '2',
137 silly registry.get     'x-timer': 'S1435000296.693611,VS0,VE0',
137 silly registry.get     vary: 'Accept' } ]
138 verbose etag https://registry.npmjs.org/object-assign from cache
139 silly addNameRange number 2 { name: 'object-assign',
139 silly addNameRange   range: '>=2.0.0-0 <3.0.0-0',
139 silly addNameRange   hasData: true }
140 silly addNameRange versions [ 'object-assign',
140 silly addNameRange   [ '0.1.0',
140 silly addNameRange     '0.1.1',
140 silly addNameRange     '0.1.2',
140 silly addNameRange     '0.2.0',
140 silly addNameRange     '0.2.1',
140 silly addNameRange     '0.2.2',
140 silly addNameRange     '0.3.0',
140 silly addNameRange     '0.3.1',
140 silly addNameRange     '0.4.0',
140 silly addNameRange     '1.0.0',
140 silly addNameRange     '2.0.0',
140 silly addNameRange     '3.0.0',
140 silly addNameRange     '2.1.1' ] ]
141 verbose addNamed [ 'object-assign', '2.1.1' ]
142 verbose addNamed [ '2.1.1', '2.1.1' ]
143 silly lockFile 52ac3888-object-assign-2-1-1 object-assign@2.1.1
144 verbose lock object-assign@2.1.1 /Users/christophediprima/.npm/52ac3888-object-assign-2-1-1.lock
145 http 304 https://registry.npmjs.org/qs
146 silly registry.get cb [ 304,
146 silly registry.get   { date: 'Mon, 22 Jun 2015 19:11:36 GMT',
146 silly registry.get     via: '1.1 varnish',
146 silly registry.get     'cache-control': 'max-age=60',
146 silly registry.get     etag: '"32DQMMPM7UN40DZIXD548OIVJ"',
146 silly registry.get     age: '20',
146 silly registry.get     connection: 'keep-alive',
146 silly registry.get     'x-served-by': 'cache-lhr6328-LHR',
146 silly registry.get     'x-cache': 'HIT',
146 silly registry.get     'x-cache-hits': '5',
146 silly registry.get     'x-timer': 'S1435000296.700434,VS0,VE0',
146 silly registry.get     vary: 'Accept' } ]
147 verbose etag https://registry.npmjs.org/qs from cache
148 silly lockFile 52ac3888-object-assign-2-1-1 object-assign@2.1.1
149 silly lockFile 52ac3888-object-assign-2-1-1 object-assign@2.1.1
150 silly lockFile 5a30528b-object-assign-2-0-0 object-assign@^2.0.0
151 silly lockFile 5a30528b-object-assign-2-0-0 object-assign@^2.0.0
152 silly lockFile 7522a7fe-qs-2-4-1 qs@2.4.1
153 silly lockFile 7522a7fe-qs-2-4-1 qs@2.4.1
154 silly resolved [ { name: 'object-assign',
154 silly resolved     version: '2.1.1',
154 silly resolved     description: 'ES6 Object.assign() ponyfill',
154 silly resolved     license: 'MIT',
154 silly resolved     repository:
154 silly resolved      { type: 'git',
154 silly resolved        url: 'https://github.com/sindresorhus/object-assign' },
154 silly resolved     author:
154 silly resolved      { name: 'Sindre Sorhus',
154 silly resolved        email: 'sindresorhus@gmail.com',
154 silly resolved        url: 'http://sindresorhus.com' },
154 silly resolved     engines: { node: '>=0.10.0' },
154 silly resolved     scripts: { test: 'mocha' },
154 silly resolved     files: [ 'index.js' ],
154 silly resolved     keywords:
154 silly resolved      [ 'object',
154 silly resolved        'assign',
154 silly resolved        'extend',
154 silly resolved        'properties',
154 silly resolved        'es6',
154 silly resolved        'ecmascript',
154 silly resolved        'harmony',
154 silly resolved        'ponyfill',
154 silly resolved        'prollyfill',
154 silly resolved        'polyfill',
154 silly resolved        'shim',
154 silly resolved        'browser' ],
154 silly resolved     devDependencies: { mocha: '*' },
154 silly resolved     gitHead: '4cd0365f5a78dd369473ca0bbd31f7b234148c42',
154 silly resolved     bugs: { url: 'https://github.com/sindresorhus/object-assign/issues' },
154 silly resolved     homepage: 'https://github.com/sindresorhus/object-assign',
154 silly resolved     _id: 'object-assign@2.1.1',
154 silly resolved     _shasum: '43c36e5d569ff8e4816c4efa8be02d26967c18aa',
154 silly resolved     _from: 'object-assign@^2.0.0',
154 silly resolved     _npmVersion: '2.10.1',
154 silly resolved     _nodeVersion: '0.12.4',
154 silly resolved     _npmUser: { name: 'sindresorhus', email: 'sindresorhus@gmail.com' },
154 silly resolved     dist:
154 silly resolved      { shasum: '43c36e5d569ff8e4816c4efa8be02d26967c18aa',
154 silly resolved        tarball: 'http://registry.npmjs.org/object-assign/-/object-assign-2.1.1.tgz' },
154 silly resolved     maintainers: [ [Object] ],
154 silly resolved     directories: {},
154 silly resolved     _resolved: 'https://registry.npmjs.org/object-assign/-/object-assign-2.1.1.tgz',
154 silly resolved     readme: 'ERROR: No README data found!' },
154 silly resolved   { name: 'qs',
154 silly resolved     version: '2.4.1',
154 silly resolved     description: 'A querystring parser that supports nesting and arrays, with a depth limit',
154 silly resolved     homepage: 'https://github.com/hapijs/qs',
154 silly resolved     main: 'index.js',
154 silly resolved     dependencies: {},
154 silly resolved     devDependencies: { code: '1.x.x', lab: '5.x.x' },
154 silly resolved     scripts: { test: 'make test-cov' },
154 silly resolved     repository: { type: 'git', url: 'https://github.com/hapijs/qs.git' },
154 silly resolved     keywords: [ 'querystring', 'qs' ],
154 silly resolved     licenses: [ [Object] ],
154 silly resolved     gitHead: '58c6540418954867822c1af3e45fb4c26708b07e',
154 silly resolved     bugs: { url: 'https://github.com/hapijs/qs/issues' },
154 silly resolved     _id: 'qs@2.4.1',
154 silly resolved     _shasum: '68cbaea971013426a80c1404fad6b1a6b1175245',
154 silly resolved     _from: 'qs@2.4.1',
154 silly resolved     _npmVersion: '2.6.1',
154 silly resolved     _nodeVersion: '0.10.36',
154 silly resolved     _npmUser: { name: 'nlf', email: 'quitlahok@gmail.com' },
154 silly resolved     maintainers: [ [Object], [Object] ],
154 silly resolved     dist:
154 silly resolved      { shasum: '68cbaea971013426a80c1404fad6b1a6b1175245',
154 silly resolved        tarball: 'http://registry.npmjs.org/qs/-/qs-2.4.1.tgz' },
154 silly resolved     directories: {},
154 silly resolved     _resolved: 'https://registry.npmjs.org/qs/-/qs-2.4.1.tgz',
154 silly resolved     readme: 'ERROR: No README data found!' } ]
155 info install object-assign@2.1.1 into /Users/christophediprima/Projects/react-webpack-tests/node_modules/react-router
156 info install qs@2.4.1 into /Users/christophediprima/Projects/react-webpack-tests/node_modules/react-router
157 info installOne object-assign@2.1.1
158 info installOne qs@2.4.1
159 verbose node_modules/react-router/node_modules/object-assign unbuild
160 verbose node_modules/react-router/node_modules/qs unbuild
161 verbose tar unpack /Users/christophediprima/.npm/object-assign/2.1.1/package.tgz
162 silly lockFile 96b35728-outer-node-modules-object-assign tar:///Users/christophediprima/Projects/react-webpack-tests/node_modules/react-router/node_modules/object-assign
163 verbose lock tar:///Users/christophediprima/Projects/react-webpack-tests/node_modules/react-router/node_modules/object-assign /Users/christophediprima/.npm/96b35728-outer-node-modules-object-assign.lock
164 silly lockFile 66f7d863--object-assign-2-1-1-package-tgz tar:///Users/christophediprima/.npm/object-assign/2.1.1/package.tgz
165 verbose lock tar:///Users/christophediprima/.npm/object-assign/2.1.1/package.tgz /Users/christophediprima/.npm/66f7d863--object-assign-2-1-1-package-tgz.lock
166 verbose tar unpack /Users/christophediprima/.npm/qs/2.4.1/package.tgz
167 silly lockFile 895c9af6-les-react-router-node-modules-qs tar:///Users/christophediprima/Projects/react-webpack-tests/node_modules/react-router/node_modules/qs
168 verbose lock tar:///Users/christophediprima/Projects/react-webpack-tests/node_modules/react-router/node_modules/qs /Users/christophediprima/.npm/895c9af6-les-react-router-node-modules-qs.lock
169 silly lockFile 3a4dd190-diprima-npm-qs-2-4-1-package-tgz tar:///Users/christophediprima/.npm/qs/2.4.1/package.tgz
170 verbose lock tar:///Users/christophediprima/.npm/qs/2.4.1/package.tgz /Users/christophediprima/.npm/3a4dd190-diprima-npm-qs-2-4-1-package-tgz.lock
171 silly gunzTarPerm modes [ '755', '644' ]
172 silly gunzTarPerm modes [ '755', '644' ]
173 silly gunzTarPerm extractEntry package.json
174 silly gunzTarPerm extractEntry package.json
175 silly gunzTarPerm extractEntry index.js
176 silly gunzTarPerm extractEntry license
177 silly gunzTarPerm extractEntry .npmignore
178 silly gunzTarPerm extractEntry README.md
179 silly gunzTarPerm extractEntry readme.md
180 silly gunzTarPerm extractEntry LICENSE
181 silly gunzTarPerm extractEntry index.js
182 silly gunzTarPerm extractEntry CHANGELOG.md
183 silly gunzTarPerm extractEntry CONTRIBUTING.md
184 silly gunzTarPerm extractEntry Makefile
185 silly gunzTarPerm extractEntry .jshintignore
186 silly gunzTarPerm extractEntry .jshintrc
187 silly gunzTarPerm extractEntry lib/index.js
188 silly gunzTarPerm extractEntry lib/parse.js
189 silly gunzTarPerm extractEntry lib/stringify.js
190 silly gunzTarPerm extractEntry lib/utils.js
191 silly gunzTarPerm extractEntry .travis.yml
192 silly gunzTarPerm extractEntry test/parse.js
193 silly gunzTarPerm extractEntry test/stringify.js
194 silly lockFile 96b35728-outer-node-modules-object-assign tar:///Users/christophediprima/Projects/react-webpack-tests/node_modules/react-router/node_modules/object-assign
195 silly lockFile 96b35728-outer-node-modules-object-assign tar:///Users/christophediprima/Projects/react-webpack-tests/node_modules/react-router/node_modules/object-assign
196 silly lockFile 66f7d863--object-assign-2-1-1-package-tgz tar:///Users/christophediprima/.npm/object-assign/2.1.1/package.tgz
197 silly lockFile 66f7d863--object-assign-2-1-1-package-tgz tar:///Users/christophediprima/.npm/object-assign/2.1.1/package.tgz
198 info preinstall object-assign@2.1.1
199 verbose readDependencies using package.json deps
200 verbose readDependencies using package.json deps
201 silly resolved []
202 verbose about to build /Users/christophediprima/Projects/react-webpack-tests/node_modules/react-router/node_modules/object-assign
203 info build /Users/christophediprima/Projects/react-webpack-tests/node_modules/react-router/node_modules/object-assign
204 verbose linkStuff [ false,
204 verbose linkStuff   false,
204 verbose linkStuff   false,
204 verbose linkStuff   '/Users/christophediprima/Projects/react-webpack-tests/node_modules/react-router/node_modules' ]
205 info linkStuff object-assign@2.1.1
206 verbose linkBins object-assign@2.1.1
207 verbose linkMans object-assign@2.1.1
208 verbose rebuildBundles object-assign@2.1.1
209 info install object-assign@2.1.1
210 info postinstall object-assign@2.1.1
211 silly lockFile 895c9af6-les-react-router-node-modules-qs tar:///Users/christophediprima/Projects/react-webpack-tests/node_modules/react-router/node_modules/qs
212 silly lockFile 895c9af6-les-react-router-node-modules-qs tar:///Users/christophediprima/Projects/react-webpack-tests/node_modules/react-router/node_modules/qs
213 silly lockFile 3a4dd190-diprima-npm-qs-2-4-1-package-tgz tar:///Users/christophediprima/.npm/qs/2.4.1/package.tgz
214 silly lockFile 3a4dd190-diprima-npm-qs-2-4-1-package-tgz tar:///Users/christophediprima/.npm/qs/2.4.1/package.tgz
215 info preinstall qs@2.4.1
216 verbose readDependencies using package.json deps
217 verbose readDependencies using package.json deps
218 silly resolved []
219 verbose about to build /Users/christophediprima/Projects/react-webpack-tests/node_modules/react-router/node_modules/qs
220 info build /Users/christophediprima/Projects/react-webpack-tests/node_modules/react-router/node_modules/qs
221 verbose linkStuff [ false,
221 verbose linkStuff   false,
221 verbose linkStuff   false,
221 verbose linkStuff   '/Users/christophediprima/Projects/react-webpack-tests/node_modules/react-router/node_modules' ]
222 info linkStuff qs@2.4.1
223 verbose linkBins qs@2.4.1
224 verbose linkMans qs@2.4.1
225 verbose rebuildBundles qs@2.4.1
226 info install qs@2.4.1
227 info postinstall qs@2.4.1
228 verbose about to build /Users/christophediprima/Projects/react-webpack-tests/node_modules/react-router
229 info build /Users/christophediprima/Projects/react-webpack-tests/node_modules/react-router
230 verbose linkStuff [ false,
230 verbose linkStuff   false,
230 verbose linkStuff   false,
230 verbose linkStuff   '/Users/christophediprima/Projects/react-webpack-tests/node_modules' ]
231 info linkStuff react-router@0.13.3
232 verbose linkBins react-router@0.13.3
233 verbose linkMans react-router@0.13.3
234 verbose rebuildBundles react-router@0.13.3
235 verbose rebuildBundles [ 'object-assign', 'qs' ]
236 info install react-router@0.13.3
237 info postinstall react-router@0.13.3
238 verbose readDependencies using package.json deps
239 verbose already installed skipping react@0.13.x /Users/christophediprima/Projects/react-webpack-tests
240 silly resolved []
241 error peerinvalid The package react does not satisfy its siblings' peerDependencies requirements!
241 error peerinvalid Peer react-router@0.13.3 wants react@0.13.x
241 error peerinvalid Peer reflux@0.2.8 wants react@>=0.12.2 <0.14.0
241 error peerinvalid Peer react-hot-loader@1.2.7 wants react@>=0.11.0
242 error System Darwin 14.3.0
243 error command "node" "/usr/local/bin/npm" "install" "react-router@" "--save"
244 error cwd /Users/christophediprima/Projects/react-webpack-tests
245 error node -v v0.10.36
246 error npm -v 1.4.28
247 error code EPEERINVALID
248 verbose exit [ 1, true ]
